<?xml version="1.0" encoding="UTF-8"?>
<testng-results skipped="0" failed="2" ignored="0" total="11" passed="9">
  <reporter-output>
  </reporter-output>
  <suite name="APITest" duration-ms="11349" started-at="2019-01-25T15:00:36Z" finished-at="2019-01-25T15:00:47Z">
    <groups>
    </groups>
    <test name="APITest" duration-ms="11349" started-at="2019-01-25T15:00:36Z" finished-at="2019-01-25T15:00:47Z">
      <class name="com.apitest.Segment.UserTest">
        <test-method status="PASS" signature="setup()[pri:0, instance:com.apitest.Segment.UserTest@64616ca2]" name="setup" is-config="true" duration-ms="2176" started-at="2019-01-25T15:00:36Z" finished-at="2019-01-25T15:00:38Z">
          <reporter-output>
          </reporter-output>
        </test-method> <!-- setup -->
        <test-method status="PASS" signature="createUser(java.lang.String, java.lang.String, java.lang.String)[pri:1, instance:com.apitest.Segment.UserTest@64616ca2]" name="createUser" duration-ms="930" started-at="2019-01-25T15:00:38Z" data-provider="sampleTestData" finished-at="2019-01-25T15:00:39Z">
          <params>
            <param index="0">
              <value>
                <![CDATA[shantanu]]>
              </value>
            </param>
            <param index="1">
              <value>
                <![CDATA[jainshantanu25@gmail.com]]>
              </value>
            </param>
            <param index="2">
              <value>
                <![CDATA[201]]>
              </value>
            </param>
          </params>
          <reporter-output>
          </reporter-output>
        </test-method> <!-- createUser -->
        <test-method status="PASS" signature="createUser(java.lang.String, java.lang.String, java.lang.String)[pri:1, instance:com.apitest.Segment.UserTest@64616ca2]" name="createUser" duration-ms="895" started-at="2019-01-25T15:00:39Z" data-provider="sampleTestData" finished-at="2019-01-25T15:00:40Z">
          <params>
            <param index="0">
              <value>
                <![CDATA[shan]]>
              </value>
            </param>
            <param index="1">
              <value>
                <![CDATA[jainshantanu25]]>
              </value>
            </param>
            <param index="2">
              <value>
                <![CDATA[400]]>
              </value>
            </param>
          </params>
          <reporter-output>
          </reporter-output>
        </test-method> <!-- createUser -->
        <test-method status="PASS" signature="createUser(java.lang.String, java.lang.String, java.lang.String)[pri:1, instance:com.apitest.Segment.UserTest@64616ca2]" name="createUser" duration-ms="939" started-at="2019-01-25T15:00:40Z" data-provider="sampleTestData" finished-at="2019-01-25T15:00:41Z">
          <params>
            <param index="0">
              <value>
                <![CDATA[shantanu]]>
              </value>
            </param>
            <param index="1">
              <value>
                <![CDATA[jainshantanu225@gmail.com]]>
              </value>
            </param>
            <param index="2">
              <value>
                <![CDATA[409]]>
              </value>
            </param>
          </params>
          <reporter-output>
          </reporter-output>
        </test-method> <!-- createUser -->
        <test-method status="PASS" signature="createUser(java.lang.String, java.lang.String, java.lang.String)[pri:1, instance:com.apitest.Segment.UserTest@64616ca2]" name="createUser" duration-ms="882" started-at="2019-01-25T15:00:41Z" data-provider="sampleTestData" finished-at="2019-01-25T15:00:42Z">
          <params>
            <param index="0">
              <value>
                <![CDATA[hitesh]]>
              </value>
            </param>
            <param index="1">
              <value>
                <![CDATA[hitesh.28jan@gmail.com]]>
              </value>
            </param>
            <param index="2">
              <value>
                <![CDATA[201]]>
              </value>
            </param>
          </params>
          <reporter-output>
          </reporter-output>
        </test-method> <!-- createUser -->
        <test-method status="PASS" signature="createUser(java.lang.String, java.lang.String, java.lang.String)[pri:1, instance:com.apitest.Segment.UserTest@64616ca2]" name="createUser" duration-ms="894" started-at="2019-01-25T15:00:42Z" data-provider="sampleTestData" finished-at="2019-01-25T15:00:43Z">
          <params>
            <param index="0">
              <value>
                <![CDATA[shanaj]]>
              </value>
            </param>
            <param index="1">
              <value>
                <![CDATA[]]>
              </value>
            </param>
            <param index="2">
              <value>
                <![CDATA[400]]>
              </value>
            </param>
          </params>
          <reporter-output>
          </reporter-output>
        </test-method> <!-- createUser -->
        <test-method status="PASS" signature="getAllUser()[pri:2, instance:com.apitest.Segment.UserTest@64616ca2]" name="getAllUser" duration-ms="512" started-at="2019-01-25T15:00:43Z" finished-at="2019-01-25T15:00:43Z">
          <reporter-output>
          </reporter-output>
        </test-method> <!-- getAllUser -->
        <test-method status="PASS" signature="getUserDetail(java.lang.String, java.lang.String, java.lang.String)[pri:3, instance:com.apitest.Segment.UserTest@64616ca2]" name="getUserDetail" duration-ms="900" started-at="2019-01-25T15:00:44Z" data-provider="sampleTestData" finished-at="2019-01-25T15:00:44Z">
          <params>
            <param index="0">
              <value>
                <![CDATA[shantanu]]>
              </value>
            </param>
            <param index="1">
              <value>
                <![CDATA[jainshantanu25@gmail.com]]>
              </value>
            </param>
            <param index="2">
              <value>
                <![CDATA[201]]>
              </value>
            </param>
          </params>
          <reporter-output>
          </reporter-output>
        </test-method> <!-- getUserDetail -->
        <test-method status="FAIL" signature="getUserDetail(java.lang.String, java.lang.String, java.lang.String)[pri:3, instance:com.apitest.Segment.UserTest@64616ca2]" name="getUserDetail" duration-ms="895" started-at="2019-01-25T15:00:44Z" data-provider="sampleTestData" finished-at="2019-01-25T15:00:45Z">
          <params>
            <param index="0">
              <value>
                <![CDATA[shan]]>
              </value>
            </param>
            <param index="1">
              <value>
                <![CDATA[jainshantanu25]]>
              </value>
            </param>
            <param index="2">
              <value>
                <![CDATA[400]]>
              </value>
            </param>
          </params>
          <exception class="java.lang.AssertionError">
            <message>
              <![CDATA[expected [200] but found [404]]]>
            </message>
            <full-stacktrace>
              <![CDATA[java.lang.AssertionError: expected [200] but found [404]
at org.testng.Assert.fail(Assert.java:96)
at org.testng.Assert.failNotEquals(Assert.java:776)
at org.testng.Assert.assertEqualsImpl(Assert.java:137)
at org.testng.Assert.assertEquals(Assert.java:118)
at org.testng.Assert.assertEquals(Assert.java:652)
at org.testng.Assert.assertEquals(Assert.java:662)
at com.apitest.Segment.UserTest.getUserDetail(UserTest.java:65)
at sun.reflect.NativeMethodAccessorImpl.invoke0(Native Method)
at sun.reflect.NativeMethodAccessorImpl.invoke(NativeMethodAccessorImpl.java:62)
at sun.reflect.DelegatingMethodAccessorImpl.invoke(DelegatingMethodAccessorImpl.java:43)
at java.lang.reflect.Method.invoke(Method.java:497)
at org.testng.internal.MethodInvocationHelper.invokeMethod(MethodInvocationHelper.java:124)
at org.testng.internal.Invoker.invokeMethod(Invoker.java:583)
at org.testng.internal.Invoker.invokeTestMethod(Invoker.java:719)
at org.testng.internal.Invoker.invokeTestMethods(Invoker.java:989)
at org.testng.internal.TestMethodWorker.invokeTestMethods(TestMethodWorker.java:125)
at org.testng.internal.TestMethodWorker.run(TestMethodWorker.java:109)
at org.testng.TestRunner.privateRun(TestRunner.java:648)
at org.testng.TestRunner.run(TestRunner.java:505)
at org.testng.SuiteRunner.runTest(SuiteRunner.java:455)
at org.testng.SuiteRunner.runSequentially(SuiteRunner.java:450)
at org.testng.SuiteRunner.privateRun(SuiteRunner.java:415)
at org.testng.SuiteRunner.run(SuiteRunner.java:364)
at org.testng.SuiteRunnerWorker.runSuite(SuiteRunnerWorker.java:52)
at org.testng.SuiteRunnerWorker.run(SuiteRunnerWorker.java:84)
at org.testng.TestNG.runSuitesSequentially(TestNG.java:1208)
at org.testng.TestNG.runSuitesLocally(TestNG.java:1137)
at org.testng.TestNG.runSuites(TestNG.java:1049)
at org.testng.TestNG.run(TestNG.java:1017)
at org.apache.maven.surefire.testng.TestNGExecutor.run(TestNGExecutor.java:283)
at org.apache.maven.surefire.testng.TestNGXmlTestSuite.execute(TestNGXmlTestSuite.java:75)
at org.apache.maven.surefire.testng.TestNGProvider.invoke(TestNGProvider.java:120)
at org.apache.maven.surefire.booter.ForkedBooter.invokeProviderInSameClassLoader(ForkedBooter.java:384)
at org.apache.maven.surefire.booter.ForkedBooter.runSuitesInProcess(ForkedBooter.java:345)
at org.apache.maven.surefire.booter.ForkedBooter.execute(ForkedBooter.java:126)
at org.apache.maven.surefire.booter.ForkedBooter.main(ForkedBooter.java:418)
]]>
            </full-stacktrace>
          </exception> <!-- java.lang.AssertionError -->
          <reporter-output>
          </reporter-output>
        </test-method> <!-- getUserDetail -->
        <test-method status="PASS" signature="getUserDetail(java.lang.String, java.lang.String, java.lang.String)[pri:3, instance:com.apitest.Segment.UserTest@64616ca2]" name="getUserDetail" duration-ms="898" started-at="2019-01-25T15:00:45Z" data-provider="sampleTestData" finished-at="2019-01-25T15:00:46Z">
          <params>
            <param index="0">
              <value>
                <![CDATA[shantanu]]>
              </value>
            </param>
            <param index="1">
              <value>
                <![CDATA[jainshantanu225@gmail.com]]>
              </value>
            </param>
            <param index="2">
              <value>
                <![CDATA[409]]>
              </value>
            </param>
          </params>
          <reporter-output>
          </reporter-output>
        </test-method> <!-- getUserDetail -->
        <test-method status="PASS" signature="getUserDetail(java.lang.String, java.lang.String, java.lang.String)[pri:3, instance:com.apitest.Segment.UserTest@64616ca2]" name="getUserDetail" duration-ms="515" started-at="2019-01-25T15:00:46Z" data-provider="sampleTestData" finished-at="2019-01-25T15:00:47Z">
          <params>
            <param index="0">
              <value>
                <![CDATA[hitesh]]>
              </value>
            </param>
            <param index="1">
              <value>
                <![CDATA[hitesh.28jan@gmail.com]]>
              </value>
            </param>
            <param index="2">
              <value>
                <![CDATA[201]]>
              </value>
            </param>
          </params>
          <reporter-output>
          </reporter-output>
        </test-method> <!-- getUserDetail -->
        <test-method status="FAIL" signature="getUserDetail(java.lang.String, java.lang.String, java.lang.String)[pri:3, instance:com.apitest.Segment.UserTest@64616ca2]" name="getUserDetail" duration-ms="521" started-at="2019-01-25T15:00:47Z" data-provider="sampleTestData" finished-at="2019-01-25T15:00:47Z">
          <params>
            <param index="0">
              <value>
                <![CDATA[shanaj]]>
              </value>
            </param>
            <param index="1">
              <value>
                <![CDATA[]]>
              </value>
            </param>
            <param index="2">
              <value>
                <![CDATA[400]]>
              </value>
            </param>
          </params>
          <exception class="java.lang.AssertionError">
            <message>
              <![CDATA[expected [200] but found [404]]]>
            </message>
            <full-stacktrace>
              <![CDATA[java.lang.AssertionError: expected [200] but found [404]
at org.testng.Assert.fail(Assert.java:96)
at org.testng.Assert.failNotEquals(Assert.java:776)
at org.testng.Assert.assertEqualsImpl(Assert.java:137)
at org.testng.Assert.assertEquals(Assert.java:118)
at org.testng.Assert.assertEquals(Assert.java:652)
at org.testng.Assert.assertEquals(Assert.java:662)
at com.apitest.Segment.UserTest.getUserDetail(UserTest.java:65)
at sun.reflect.NativeMethodAccessorImpl.invoke0(Native Method)
at sun.reflect.NativeMethodAccessorImpl.invoke(NativeMethodAccessorImpl.java:62)
at sun.reflect.DelegatingMethodAccessorImpl.invoke(DelegatingMethodAccessorImpl.java:43)
at java.lang.reflect.Method.invoke(Method.java:497)
at org.testng.internal.MethodInvocationHelper.invokeMethod(MethodInvocationHelper.java:124)
at org.testng.internal.Invoker.invokeMethod(Invoker.java:583)
at org.testng.internal.Invoker.invokeTestMethod(Invoker.java:719)
at org.testng.internal.Invoker.invokeTestMethods(Invoker.java:989)
at org.testng.internal.TestMethodWorker.invokeTestMethods(TestMethodWorker.java:125)
at org.testng.internal.TestMethodWorker.run(TestMethodWorker.java:109)
at org.testng.TestRunner.privateRun(TestRunner.java:648)
at org.testng.TestRunner.run(TestRunner.java:505)
at org.testng.SuiteRunner.runTest(SuiteRunner.java:455)
at org.testng.SuiteRunner.runSequentially(SuiteRunner.java:450)
at org.testng.SuiteRunner.privateRun(SuiteRunner.java:415)
at org.testng.SuiteRunner.run(SuiteRunner.java:364)
at org.testng.SuiteRunnerWorker.runSuite(SuiteRunnerWorker.java:52)
at org.testng.SuiteRunnerWorker.run(SuiteRunnerWorker.java:84)
at org.testng.TestNG.runSuitesSequentially(TestNG.java:1208)
at org.testng.TestNG.runSuitesLocally(TestNG.java:1137)
at org.testng.TestNG.runSuites(TestNG.java:1049)
at org.testng.TestNG.run(TestNG.java:1017)
at org.apache.maven.surefire.testng.TestNGExecutor.run(TestNGExecutor.java:283)
at org.apache.maven.surefire.testng.TestNGXmlTestSuite.execute(TestNGXmlTestSuite.java:75)
at org.apache.maven.surefire.testng.TestNGProvider.invoke(TestNGProvider.java:120)
at org.apache.maven.surefire.booter.ForkedBooter.invokeProviderInSameClassLoader(ForkedBooter.java:384)
at org.apache.maven.surefire.booter.ForkedBooter.runSuitesInProcess(ForkedBooter.java:345)
at org.apache.maven.surefire.booter.ForkedBooter.execute(ForkedBooter.java:126)
at org.apache.maven.surefire.booter.ForkedBooter.main(ForkedBooter.java:418)
]]>
            </full-stacktrace>
          </exception> <!-- java.lang.AssertionError -->
          <reporter-output>
          </reporter-output>
        </test-method> <!-- getUserDetail -->
      </class> <!-- com.apitest.Segment.UserTest -->
    </test> <!-- APITest -->
  </suite> <!-- APITest -->
</testng-results>
